[TestNG-tests-1] INFO  pages.Login  - Wrong Pass!!
[TestNG-tests-1] INFO  pages.Login  - Right Pass :)
[TestNG-tests-1] INFO  pages.Login  - Wrong Username!!
[TestNG-tests-1] INFO  pages.Login  - Right Username :)
[TestNG-tests-1] INFO  pages.Login  - Wrong Pass!!
[TestNG-tests-1] INFO  pages.Login  - Right Pass :)
[TestNG-tests-1] INFO  pages.Login  - Wrong Username!!
[TestNG-tests-1] INFO  pages.Login  - Right Username :)
[TestNG-tests-1] INFO  pages.Login  - Wrong Pass!!
[TestNG-tests-1] INFO  pages.Login  - Right Pass :)
[TestNG-tests-1] INFO  pages.Login  - Wrong Username!!
[TestNG-tests-1] INFO  pages.Login  - Right Username :)
[TestNG-tests-1] INFO  pages.Login  - Wrong Pass!!
[TestNG-tests-1] INFO  pages.Login  - Right Pass :)
[TestNG-tests-1] INFO  pages.Login  - Wrong Username!!
[TestNG-tests-1] INFO  pages.Login  - Right Username :)
[TestNG-tests-1] INFO  pages.Login  - Wrong Pass!!
[TestNG-tests-1] INFO  pages.Login  - Right Pass :)
[TestNG-tests-1] INFO  pages.Login  - Wrong Username!!
[TestNG-tests-1] INFO  pages.Login  - Right Username :)
[TestNG-tests-2] INFO  pages.Login  - Wrong Pass!!
[TestNG-tests-2] INFO  pages.Login  - Right Pass :)
[TestNG-tests-2] INFO  pages.Login  - Wrong Username!!
[TestNG-tests-1] INFO  pages.Login  - Wrong Pass!!
[TestNG-tests-1] INFO  pages.Login  - Right Pass :)
[TestNG-tests-1] INFO  pages.Login  - Wrong Username!!
[TestNG-tests-2] INFO  pages.Login  - Right Username :)
[TestNG-tests-1] INFO  pages.Login  - Right Username :)
[TestNG-tests-2] INFO  pages.Login  - Wrong Pass!!
[TestNG-tests-2] INFO  pages.Login  - Right Pass :)
[TestNG-tests-2] INFO  pages.Login  - Wrong Username!!
[TestNG-tests-2] INFO  pages.Login  - Right Username :)
[TestNG-tests-1] INFO  pages.Login  - Wrong Pass!!
[TestNG-tests-1] INFO  pages.Login  - Right Pass :)
[TestNG-tests-1] INFO  pages.Login  - Wrong Username!!
[TestNG-tests-1] INFO  pages.Login  - Right Username :)
[TestNG-tests-2] INFO  pages.Login  - Wrong Pass!!
[TestNG-tests-2] INFO  pages.Login  - Right Pass :)
[TestNG-tests-2] INFO  pages.Login  - Wrong Username!!
[TestNG-tests-2] INFO  pages.Login  - Right Username :)
[TestNG-tests-1] INFO  pages.Login  - Wrong Pass!!
[TestNG-tests-1] INFO  pages.Login  - Right Pass :)
[TestNG-tests-1] INFO  pages.Login  - Wrong Username!!
[TestNG-tests-1] INFO  pages.Login  - Right Username :)
[TestNG-tests-2] INFO  pages.Login  - Wrong Pass!!
[TestNG-tests-2] INFO  pages.Login  - Right Pass :)
[TestNG-tests-2] INFO  pages.Login  - Wrong Username!!
[TestNG-tests-2] INFO  pages.Login  - Right Username :)
[TestNG-tests-1] INFO  pages.Login  - Wrong Pass!!
[TestNG-tests-1] INFO  pages.Login  - Right Pass :)
[TestNG-tests-1] INFO  pages.Login  - Wrong Username!!
[TestNG-tests-1] INFO  pages.Login  - Right Username :)
[TestNG-tests-2] INFO  pages.Login  - Wrong Pass!!
[TestNG-tests-2] INFO  pages.Login  - Right Pass :)
[TestNG-tests-2] INFO  pages.Login  - Wrong Username!!
[TestNG-tests-2] INFO  pages.Login  - Right Username :)
[TestNG-tests-1] INFO  pages.Login  - Wrong Pass!!
[TestNG-tests-1] INFO  pages.Login  - Right Pass :)
[TestNG-tests-1] INFO  pages.Login  - Wrong Username!!
[TestNG-tests-1] INFO  pages.Login  - Right Username :)
[TestNG-tests-3] INFO  pages.Login  - Wrong Pass!!
[TestNG-tests-3] INFO  pages.Login  - Right Pass :)
[TestNG-tests-3] INFO  pages.Login  - Wrong Username!!
[TestNG-tests-2] INFO  pages.Login  - Wrong Pass!!
[TestNG-tests-2] INFO  pages.Login  - Right Pass :)
[TestNG-tests-2] INFO  pages.Login  - Wrong Username!!
[TestNG-tests-2] INFO  pages.Login  - Right Username :)
[TestNG-tests-1] INFO  pages.Login  - Wrong Pass!!
[TestNG-tests-1] INFO  pages.Login  - Wrong Pass!!
[TestNG-tests-1] INFO  pages.Login  - Right Pass :)
[TestNG-tests-1] INFO  pages.Login  - Wrong Username!!
[TestNG-tests-1] INFO  pages.Login  - Right Username :)
[TestNG-tests-3] INFO  pages.Login  - Wrong Pass!!
[TestNG-tests-3] INFO  pages.Login  - Right Pass :)
[TestNG-tests-3] INFO  pages.Login  - Wrong Username!!
[TestNG-tests-1] INFO  pages.Login  - Wrong Pass!!
[TestNG-tests-3] INFO  pages.Login  - Right Username :)
[TestNG-tests-1] INFO  pages.Login  - Right Pass :)
[TestNG-tests-1] INFO  pages.Login  - Wrong Username!!
[TestNG-tests-1] INFO  pages.Login  - Right Username :)
[main] INFO  pages.Login  - Wrong Pass!!
[main] INFO  pages.Login  - Right Pass :)
[main] INFO  pages.Login  - Wrong Username!!
[main] INFO  pages.Login  - Right Username :)
[main] INFO  pages.Login  - Wrong Pass!!
[main] INFO  pages.Login  - Right Pass :)
[main] INFO  pages.Login  - Wrong Username!!
[main] INFO  pages.Login  - Right Username :)
[main] INFO  pages.Login  - Wrong Pass!!
[main] INFO  pages.Login  - Right Pass :)
[main] INFO  pages.Login  - Wrong Username!!
[main] INFO  pages.Login  - Right Username :)
[TestNG-tests-1] INFO  pages.Login  - Wrong Pass!!
[TestNG-tests-1] INFO  pages.Login  - Right Pass :)
[TestNG-tests-1] INFO  pages.Login  - Wrong Username!!
[TestNG-tests-1] INFO  pages.Login  - Right Username :)
[main] INFO  pages.Login  - Wrong Pass!!
